Progress Logs
-------------
Sensors With Data in Time Range: 1
Sensors Without Data in Time Range: 0

Sensors Not Found: 0
Invalid Sensor Indexes: 0
Sensor Indexes Encountering Other Errors: 0
Sensor Indexes Not Processed: 0

Start Timestamp: 2024-01-01T00:00:00Z
End Timestamp: 2025-12-31T00:00:00Z
Average: 30
Fields: humidity,humidity_a,humidity_b,temperature,pm2.5_cf_1,pm10.0_cf_1,pm2.5_atm,pm10.0_atm
Total Data Rows Downloaded: 34791

Number of Sensors: 1
Number of Read Keys: 0

Download Started at: 2026-02-04T09:27:46-04:00
Download Ended   at: 2026-02-04T09:28:21-04:00
Download Took: 34 seconds

-------------
Sensor Indexes Not Found:


Invalid Sensor Indexes:


Sensors Without Any Data For Specified Time Period:


Sensors Where No Download Was Attempted Yet Due to Process Being Aborted:


Aborted on Sensors:


Sensors With Number of Downloaded Data Rows:
56843 : 34791 data rows
  

-------------
Starting requests for sensor 56843.
Making request 1 from 2024-01-01 to 2024-03-31
Making request 2 from 2024-03-31 to 2024-06-29
Making request 3 from 2024-06-29 to 2024-09-27
Making request 4 from 2024-09-27 to 2024-12-26
Making request 5 from 2024-12-26 to 2025-03-26
Making request 6 from 2025-03-26 to 2025-06-24
Making request 7 from 2025-06-24 to 2025-09-22
Making request 8 from 2025-09-22 to 2025-12-21
Making request 9 from 2025-12-21 to 2025-12-31
Data download completed for sensor 56843. Downloaded 34791 rows of data.


Download request has been completed. Scroll down for a summary:
--------------------------------------
